<?xml version="1.0" encoding="UTF-8"?>
<!-- Generated by org.testng.reporters.JUnitReportReporter -->
<testsuite skipped="0" hostname="Lenovo" name="annotations.DependsOnMethod" tests="1" failures="0" timestamp="2020-04-03T16:53:51 IST" time="0.022" errors="0">
  <testcase name="group1" time="0.022" classname="annotations.DependsOnMethod"/>
</testsuite> <!-- annotations.DependsOnMethod -->
