<?xml version="1.0" encoding="UTF-8"?>
<!-- Generated by org.testng.reporters.JUnitReportReporter -->
<testsuite skipped="0" hostname="DESKTOP-J70ARG0" name="annotations.DataProviderTwoURLs" tests="2" failures="0" timestamp="2021-05-09T20:30:04 IST" time="74.462" errors="0">
  <testcase name="OpenTwoURLsUsingDataProvider" time="54.830" classname="annotations.DataProviderTwoURLs"/>
  <system-out/>
  <testcase name="OpenTwoURLsUsingDataProvider" time="19.632" classname="annotations.DataProviderTwoURLs"/>
  <system-out/>
</testsuite> <!-- annotations.DataProviderTwoURLs -->
