<?xml version="1.0" encoding="UTF-8"?>
<!-- Generated by org.testng.reporters.JUnitReportReporter -->
<testsuite skipped="0" hostname="Lenovo" name="testNGParallel.RunningTwoMethods" tests="2" failures="0" timestamp="2020-04-05T23:09:43 IST" time="0.035" errors="0">
  <testcase name="test2" time="0.009" classname="testNGParallel.RunningTwoMethods"/>
  <testcase name="test1" time="0.026" classname="testNGParallel.RunningTwoMethods"/>
</testsuite> <!-- testNGParallel.RunningTwoMethods -->
