<?xml version="1.0" encoding="UTF-8"?>
<!-- Generated by org.testng.reporters.JUnitReportReporter -->
<testsuite skipped="0" hostname="Lenovo" name="testNGParallel.TwoParallelBrowser" tests="2" failures="0" timestamp="2020-04-18T12:25:24 IST" time="75.694" errors="0">
  <testcase name="openFirstBrowser" time="30.750" classname="testNGParallel.TwoParallelBrowser"/>
  <testcase name="openSecondBrowser" time="44.944" classname="testNGParallel.TwoParallelBrowser"/>
</testsuite> <!-- testNGParallel.TwoParallelBrowser -->
