<?xml version="1.0" encoding="UTF-8"?>
<!-- Generated by org.testng.reporters.JUnitReportReporter -->
<testsuite skipped="0" hostname="Lenovo" name="testNGParallel.RunningTwoMethodsParallel" tests="2" failures="0" timestamp="2020-04-05T23:13:20 IST" time="0.036" errors="0">
  <testcase name="test1" time="0.025" classname="testNGParallel.RunningTwoMethodsParallel"/>
  <testcase name="test2" time="0.011" classname="testNGParallel.RunningTwoMethodsParallel"/>
</testsuite> <!-- testNGParallel.RunningTwoMethodsParallel -->
