<?xml version="1.0" encoding="UTF-8"?>
<!-- Generated by org.testng.reporters.JUnitReportReporter -->
<testsuite hostname="DESKTOP-E1A827U" failures="0" tests="8" name="annotations.AllAnnotations" time="0.095" errors="0" timestamp="2021-06-03T22:13:38 IST" skipped="1">
  <testcase classname="annotations.AllAnnotations" name="TestAnnotationWithEnabledTrue" time="0.012"/>
  <system-out/>
  <testcase classname="annotations.AllAnnotations" name="TestAnnotationWithinvocationCount2" time="0.015"/>
  <system-out/>
  <testcase classname="annotations.AllAnnotations" name="SimpleTestAnnotation" time="0.024"/>
  <system-out/>
  <testcase classname="annotations.AllAnnotations" name="TestAnnotationWithAlwaysRunTrue" time="0.009"/>
  <system-out/>
  <testcase classname="annotations.AllAnnotations" name="TestAnnotationWithinvocationCount2" time="0.015"/>
  <system-out/>
  <testcase classname="annotations.AllAnnotations" name="TestAnnotationWithPriority1" time="0.010"/>
  <system-out/>
  <testcase classname="annotations.AllAnnotations" name="TestAnnotationWithPriority2" time="0.010"/>
  <system-out/>
  <testcase classname="annotations.AllAnnotations" name="TestAnnotationWithEnabledFalse">
    <skipped/>
  </testcase> <!-- TestAnnotationWithEnabledFalse -->
  <system-out/>
</testsuite> <!-- annotations.AllAnnotations -->
