<?xml version="1.0" encoding="UTF-8"?>
<!-- Generated by org.testng.reporters.JUnitReportReporter -->
<testsuite skipped="1" hostname="Lenovo" name="annotations.AllAnnotations" tests="8" failures="0" timestamp="2020-04-03T00:15:49 IST" time="0.143" errors="0">
  <testcase name="SimpleTestAnnotation" time="0.030" classname="annotations.AllAnnotations"/>
  <testcase name="TestAnnotationWithEnabledTrue" time="0.012" classname="annotations.AllAnnotations"/>
  <testcase name="TestAnnotationWithinvocationCount2" time="0.040" classname="annotations.AllAnnotations"/>
  <testcase name="TestAnnotationWithinvocationCount2" time="0.018" classname="annotations.AllAnnotations"/>
  <testcase name="TestAnnotationWithAlwaysRunTrue" time="0.009" classname="annotations.AllAnnotations"/>
  <testcase name="TestAnnotationWithPriority1" time="0.015" classname="annotations.AllAnnotations"/>
  <testcase name="TestAnnotationWithPriority2" time="0.019" classname="annotations.AllAnnotations"/>
  <testcase name="TestAnnotationWithEnabledFalse" classname="annotations.AllAnnotations">
    <skipped/>
  </testcase> <!-- TestAnnotationWithEnabledFalse -->
</testsuite> <!-- annotations.AllAnnotations -->
