<?xml version="1.0" encoding="UTF-8"?>
<!-- Generated by org.testng.reporters.JUnitReportReporter -->
<testsuite skipped="0" hostname="Lenovo" name="testNGParallel.TestingClass" tests="1" failures="0" timestamp="2020-04-08T13:33:19 IST" time="41.249" errors="0">
  <testcase name="testing" time="41.249" classname="testNGParallel.TestingClass"/>
</testsuite> <!-- testNGParallel.TestingClass -->
