<?xml version="1.0" encoding="UTF-8"?>
<!-- Generated by org.testng.reporters.JUnitReportReporter -->
<testsuite skipped="0" hostname="gowtham" name="annotations.OrderOfAnnotation" tests="1" failures="0" timestamp="2021-06-01T23:31:31 IST" time="0.017" errors="0">
  <testcase name="TestAnnotation" time="0.017" classname="annotations.OrderOfAnnotation"/>
  <system-out/>
</testsuite> <!-- annotations.OrderOfAnnotation -->
