<?xml version="1.0" encoding="UTF-8"?>
<!-- Generated by org.testng.reporters.JUnitReportReporter -->
<testsuite skipped="0" hostname="Lenovo" name="annotations.Grouping" tests="1" failures="0" timestamp="2020-04-03T12:50:05 IST" time="0.028" errors="0">
  <testcase name="group1" time="0.028" classname="annotations.Grouping"/>
</testsuite> <!-- annotations.Grouping -->
