<?xml version="1.0" encoding="UTF-8"?>
<!-- Generated by org.testng.reporters.JUnitReportReporter -->
<testsuite skipped="1" hostname="gowtham" name="annotations.AllAnnotations" tests="8" failures="0" timestamp="2021-06-01T22:56:47 IST" time="0.052" errors="0">
  <testcase name="TestAnnotationWithEnabledTrue" time="0.008" classname="annotations.AllAnnotations"/>
  <system-out/>
  <testcase name="TestAnnotationWithAlwaysRunTrue" time="0.002" classname="annotations.AllAnnotations"/>
  <system-out/>
  <testcase name="TestAnnotationWithinvocationCount2" time="0.007" classname="annotations.AllAnnotations"/>
  <system-out/>
  <testcase name="TestAnnotationWithinvocationCount2" time="0.005" classname="annotations.AllAnnotations"/>
  <system-out/>
  <testcase name="SimpleTestAnnotation" time="0.020" classname="annotations.AllAnnotations"/>
  <system-out/>
  <testcase name="TestAnnotationWithPriority1" time="0.008" classname="annotations.AllAnnotations"/>
  <system-out/>
  <testcase name="TestAnnotationWithPriority2" time="0.002" classname="annotations.AllAnnotations"/>
  <system-out/>
  <testcase name="TestAnnotationWithEnabledFalse" classname="annotations.AllAnnotations">
    <skipped/>
  </testcase> <!-- TestAnnotationWithEnabledFalse -->
  <system-out/>
</testsuite> <!-- annotations.AllAnnotations -->
