<?xml version="1.0" encoding="UTF-8"?>
<!-- Generated by org.testng.reporters.JUnitReportReporter -->
<testsuite skipped="1" hostname="DESKTOP-J70ARG0" name="annotations.AllAnnotations" tests="8" failures="0" timestamp="2021-05-09T19:27:37 IST" time="0.062" errors="0">
  <testcase name="TestAnnotationWithinvocationCount2" time="0.005" classname="annotations.AllAnnotations"/>
  <system-out/>
  <testcase name="TestAnnotationWithinvocationCount2" time="0.008" classname="annotations.AllAnnotations"/>
  <system-out/>
  <testcase name="TestAnnotationWithEnabledTrue" time="0.006" classname="annotations.AllAnnotations"/>
  <system-out/>
  <testcase name="TestAnnotationWithAlwaysRunTrue" time="0.006" classname="annotations.AllAnnotations"/>
  <system-out/>
  <testcase name="SimpleTestAnnotation" time="0.021" classname="annotations.AllAnnotations"/>
  <system-out/>
  <testcase name="TestAnnotationWithPriority1" time="0.012" classname="annotations.AllAnnotations"/>
  <system-out/>
  <testcase name="TestAnnotationWithPriority2" time="0.004" classname="annotations.AllAnnotations"/>
  <system-out/>
  <testcase name="TestAnnotationWithEnabledFalse" classname="annotations.AllAnnotations">
    <skipped/>
  </testcase> <!-- TestAnnotationWithEnabledFalse -->
  <system-out/>
</testsuite> <!-- annotations.AllAnnotations -->
