<?xml version="1.0" encoding="UTF-8"?>
<!-- Generated by org.testng.reporters.JUnitReportReporter -->
<testsuite skipped="0" hostname="Lenovo" name="testNGParallel.OneMethodInParallel" tests="2" failures="0" timestamp="2020-04-07T12:08:30 IST" time="21.054" errors="0">
  <testcase name="openFirstBrowser" time="5.176" classname="testNGParallel.OneMethodInParallel"/>
  <testcase name="openFirstBrowser" time="15.878" classname="testNGParallel.OneMethodInParallel"/>
</testsuite> <!-- testNGParallel.OneMethodInParallel -->
